This file contains any messages produced by compilers while
running configure, to aid debugging if configure makes a mistake.

It was created by libnfc_nci_linux configure 1.0, which was
generated by GNU Autoconf 2.69.  Invocation command line was

  $ ./configure --host=arm-poky-linux-gnueabi --prefix=/home/elinux1/projects/Gokul_Backup/Yocto_nuvoton/Daemon_75xx/Nfc/linux_libnfc-nci-master/build_custom/ --enable-pn7150 host_alias=arm-poky-linux-gnueabi CXX=arm-poky-linux-gnueabi-g++ CC=arm-poky-linux-gnueabi-gcc --no-create --no-recursion

## --------- ##
## Platform. ##
## --------- ##

hostname = embeddedlinux1
uname -m = x86_64
uname -r = 4.4.19-falcot
uname -s = Linux
uname -v = #2 SMP Sat Sep 3 17:38:47 IST 2016

/usr/bin/uname -p = unknown
/bin/uname -X     = unknown

/bin/arch              = unknown
/usr/bin/arch -k       = unknown
/usr/convex/getsysinfo = unknown
/usr/bin/hostinfo      = unknown
/bin/machine           = unknown
/usr/bin/oslevel       = unknown
/bin/universe          = unknown

PATH: /opt/poky/1.4.4/sysroots/x86_64-pokysdk-linux/usr/bin/
PATH: /opt/poky/1.4.4/sysroots/x86_64-pokysdk-linux/usr/bin/armv5te-poky-linux-gnueabi/
PATH: /usr/local/sbin
PATH: /usr/local/bin
PATH: /usr/sbin
PATH: /usr/bin
PATH: /sbin
PATH: /bin
PATH: /usr/games
PATH: /usr/local/games
PATH: /snap/bin


## ----------- ##
## Core tests. ##
## ----------- ##

configure:2570: checking for a BSD-compatible install
configure:2638: result: /usr/bin/install -c
configure:2649: checking whether build environment is sane
configure:2704: result: yes
configure:2763: checking for arm-poky-linux-gnueabi-strip
configure:2779: found /opt/poky/1.4.4/sysroots/x86_64-pokysdk-linux/usr/bin/armv5te-poky-linux-gnueabi//arm-poky-linux-gnueabi-strip
configure:2790: result: arm-poky-linux-gnueabi-strip
configure:2855: checking for a thread-safe mkdir -p
configure:2894: result: /bin/mkdir -p
configure:2901: checking for gawk
configure:2917: found /usr/bin/gawk
configure:2928: result: gawk
configure:2939: checking whether make sets $(MAKE)
configure:2961: result: yes
configure:3163: checking for C++ compiler version
configure:3172: arm-poky-linux-gnueabi-g++ --version >&5
arm-poky-linux-gnueabi-g++ (GCC) 4.7.2
Copyright (C) 2012 Free Software Foundation, Inc.
This is free software; see the source for copying conditions.  There is NO
warranty; not even for MERCHANTABILITY or FITNESS FOR A PARTICULAR PURPOSE.

configure:3183: $? = 0
configure:3172: arm-poky-linux-gnueabi-g++ -v >&5
Using built-in specs.
COLLECT_GCC=arm-poky-linux-gnueabi-g++
COLLECT_LTO_WRAPPER=/opt/poky/1.4.4/sysroots/x86_64-pokysdk-linux/usr/libexec/armv5te-poky-linux-gnueabi/gcc/arm-poky-linux-gnueabi/4.7.2/lto-wrapper
Target: arm-poky-linux-gnueabi
Configured with: /home/elinux/YOCTO-TEST/nuvoton-1.4.4/build-nuvoton/tmp/work-shared/gcc-4.7.2-r20/gcc-4.7.2/configure --build=x86_64-linux --host=x86_64-pokysdk-linux --target=arm-poky-linux-gnueabi --prefix=/opt/poky/1.4.4/sysroots/x86_64-pokysdk-linux/usr --exec_prefix=/opt/poky/1.4.4/sysroots/x86_64-pokysdk-linux/usr --bindir=/opt/poky/1.4.4/sysroots/x86_64-pokysdk-linux/usr/bin/armv5te-poky-linux-gnueabi --sbindir=/opt/poky/1.4.4/sysroots/x86_64-pokysdk-linux/usr/bin/armv5te-poky-linux-gnueabi --libexecdir=/opt/poky/1.4.4/sysroots/x86_64-pokysdk-linux/usr/libexec/armv5te-poky-linux-gnueabi --datadir=/opt/poky/1.4.4/sysroots/x86_64-pokysdk-linux/usr/share --sysconfdir=/opt/poky/1.4.4/sysroots/x86_64-pokysdk-linux/etc --sharedstatedir=/opt/poky/1.4.4/sysroots/x86_64-pokysdk-linux/com --localstatedir=/opt/poky/1.4.4/sysroots/x86_64-pokysdk-linux/var --libdir=/opt/poky/1.4.4/sysroots/x86_64-pokysdk-linux/usr/lib/armv5te-poky-linux-gnueabi --includedir=/opt/poky/1.4.4/sysroots/x86_64-pokysdk-linux/usr/include --oldincludedir=/opt/poky/1.4.4/sysroots/x86_64-pokysdk-linux/usr/include --infodir=/opt/poky/1.4.4/sysroots/x86_64-pokysdk-linux/usr/share/info --mandir=/opt/poky/1.4.4/sysroots/x86_64-pokysdk-linux/usr/share/man --disable-silent-rules --disable-dependency-tracking --with-libtool-sysroot=/home/elinux/YOCTO-TEST/nuvoton-1.4.4/build-nuvoton/tmp/sysroots/x86_64-nativesdk-pokysdk-linux --with-gnu-ld --enable-shared --enable-languages=c,c++ --enable-threads=posix --enable-multilib --enable-c99 --enable-long-long --enable-symvers=gnu --enable-libstdcxx-pch --program-prefix=arm-poky-linux-gnueabi- --without-local-prefix --enable-target-optspace --enable-lto --enable-libssp --disable-bootstrap --disable-libmudflap --with-system-zlib --with-linker-hash-style=gnu --enable-linker-build-id --with-ppl=no --with-cloog=no --enable-checking=release --enable-cheaders=c_global --with-float=soft --with-gxx-include-dir=/opt/poky/1.4.4/sysroots/armv5te-poky-linux-gnueabi/usr/include/c++ --with-build-time-tools=/home/elinux/YOCTO-TEST/nuvoton-1.4.4/build-nuvoton/tmp/sysroots/x86_64-linux/usr/arm-poky-linux-gnueabi/bin --with-sysroot=/opt/poky/1.4.4/sysroots/armv5te-poky-linux-gnueabi --with-build-sysroot=/home/elinux/YOCTO-TEST/nuvoton-1.4.4/build-nuvoton/tmp/sysroots/nuvoton-bsp --disable-libunwind-exceptions --disable-libssp --disable-libgomp --disable-libmudflap --with-mpfr=/home/elinux/YOCTO-TEST/nuvoton-1.4.4/build-nuvoton/tmp/sysroots/x86_64-nativesdk-pokysdk-linux --with-mpc=/home/elinux/YOCTO-TEST/nuvoton-1.4.4/build-nuvoton/tmp/sysroots/x86_64-nativesdk-pokysdk-linux --enable-nls
Thread model: posix
gcc version 4.7.2 (GCC) 
configure:3183: $? = 0
configure:3172: arm-poky-linux-gnueabi-g++ -V >&5
arm-poky-linux-gnueabi-g++: error: unrecognized command line option '-V'
arm-poky-linux-gnueabi-g++: fatal error: no input files
compilation terminated.
configure:3183: $? = 1
configure:3172: arm-poky-linux-gnueabi-g++ -qversion >&5
arm-poky-linux-gnueabi-g++: error: unrecognized command line option '-qversion'
arm-poky-linux-gnueabi-g++: fatal error: no input files
compilation terminated.
configure:3183: $? = 1
configure:3203: checking whether the C++ compiler works
configure:3225: arm-poky-linux-gnueabi-g++    conftest.cpp  >&5
configure:3229: $? = 0
configure:3277: result: yes
configure:3280: checking for C++ compiler default output file name
configure:3282: result: a.out
configure:3288: checking for suffix of executables
configure:3295: arm-poky-linux-gnueabi-g++ -o conftest    conftest.cpp  >&5
configure:3299: $? = 0
configure:3321: result: 
configure:3343: checking whether we are cross compiling
configure:3351: arm-poky-linux-gnueabi-g++ -o conftest    conftest.cpp  >&5
configure:3355: $? = 0
configure:3362: ./conftest
./configure: line 3364: ./conftest: cannot execute binary file: Exec format error
configure:3366: $? = 126
configure:3381: result: yes
configure:3386: checking for suffix of object files
configure:3408: arm-poky-linux-gnueabi-g++ -c   conftest.cpp >&5
configure:3412: $? = 0
configure:3433: result: o
configure:3437: checking whether we are using the GNU C++ compiler
configure:3456: arm-poky-linux-gnueabi-g++ -c   conftest.cpp >&5
configure:3456: $? = 0
configure:3465: result: yes
configure:3474: checking whether arm-poky-linux-gnueabi-g++ accepts -g
configure:3494: arm-poky-linux-gnueabi-g++ -c -g  conftest.cpp >&5
configure:3494: $? = 0
configure:3535: result: yes
configure:3569: checking for style of include used by make
configure:3597: result: GNU
configure:3623: checking dependency style of arm-poky-linux-gnueabi-g++
configure:3734: result: gcc3
configure:3757: checking for arm-poky-linux-gnueabi-gcc
configure:3784: result: arm-poky-linux-gnueabi-gcc
configure:4053: checking for C compiler version
configure:4062: arm-poky-linux-gnueabi-gcc --version >&5
arm-poky-linux-gnueabi-gcc (GCC) 4.7.2
Copyright (C) 2012 Free Software Foundation, Inc.
This is free software; see the source for copying conditions.  There is NO
warranty; not even for MERCHANTABILITY or FITNESS FOR A PARTICULAR PURPOSE.

configure:4073: $? = 0
configure:4062: arm-poky-linux-gnueabi-gcc -v >&5
Using built-in specs.
COLLECT_GCC=arm-poky-linux-gnueabi-gcc
COLLECT_LTO_WRAPPER=/opt/poky/1.4.4/sysroots/x86_64-pokysdk-linux/usr/libexec/armv5te-poky-linux-gnueabi/gcc/arm-poky-linux-gnueabi/4.7.2/lto-wrapper
Target: arm-poky-linux-gnueabi
Configured with: /home/elinux/YOCTO-TEST/nuvoton-1.4.4/build-nuvoton/tmp/work-shared/gcc-4.7.2-r20/gcc-4.7.2/configure --build=x86_64-linux --host=x86_64-pokysdk-linux --target=arm-poky-linux-gnueabi --prefix=/opt/poky/1.4.4/sysroots/x86_64-pokysdk-linux/usr --exec_prefix=/opt/poky/1.4.4/sysroots/x86_64-pokysdk-linux/usr --bindir=/opt/poky/1.4.4/sysroots/x86_64-pokysdk-linux/usr/bin/armv5te-poky-linux-gnueabi --sbindir=/opt/poky/1.4.4/sysroots/x86_64-pokysdk-linux/usr/bin/armv5te-poky-linux-gnueabi --libexecdir=/opt/poky/1.4.4/sysroots/x86_64-pokysdk-linux/usr/libexec/armv5te-poky-linux-gnueabi --datadir=/opt/poky/1.4.4/sysroots/x86_64-pokysdk-linux/usr/share --sysconfdir=/opt/poky/1.4.4/sysroots/x86_64-pokysdk-linux/etc --sharedstatedir=/opt/poky/1.4.4/sysroots/x86_64-pokysdk-linux/com --localstatedir=/opt/poky/1.4.4/sysroots/x86_64-pokysdk-linux/var --libdir=/opt/poky/1.4.4/sysroots/x86_64-pokysdk-linux/usr/lib/armv5te-poky-linux-gnueabi --includedir=/opt/poky/1.4.4/sysroots/x86_64-pokysdk-linux/usr/include --oldincludedir=/opt/poky/1.4.4/sysroots/x86_64-pokysdk-linux/usr/include --infodir=/opt/poky/1.4.4/sysroots/x86_64-pokysdk-linux/usr/share/info --mandir=/opt/poky/1.4.4/sysroots/x86_64-pokysdk-linux/usr/share/man --disable-silent-rules --disable-dependency-tracking --with-libtool-sysroot=/home/elinux/YOCTO-TEST/nuvoton-1.4.4/build-nuvoton/tmp/sysroots/x86_64-nativesdk-pokysdk-linux --with-gnu-ld --enable-shared --enable-languages=c,c++ --enable-threads=posix --enable-multilib --enable-c99 --enable-long-long --enable-symvers=gnu --enable-libstdcxx-pch --program-prefix=arm-poky-linux-gnueabi- --without-local-prefix --enable-target-optspace --enable-lto --enable-libssp --disable-bootstrap --disable-libmudflap --with-system-zlib --with-linker-hash-style=gnu --enable-linker-build-id --with-ppl=no --with-cloog=no --enable-checking=release --enable-cheaders=c_global --with-float=soft --with-gxx-include-dir=/opt/poky/1.4.4/sysroots/armv5te-poky-linux-gnueabi/usr/include/c++ --with-build-time-tools=/home/elinux/YOCTO-TEST/nuvoton-1.4.4/build-nuvoton/tmp/sysroots/x86_64-linux/usr/arm-poky-linux-gnueabi/bin --with-sysroot=/opt/poky/1.4.4/sysroots/armv5te-poky-linux-gnueabi --with-build-sysroot=/home/elinux/YOCTO-TEST/nuvoton-1.4.4/build-nuvoton/tmp/sysroots/nuvoton-bsp --disable-libunwind-exceptions --disable-libssp --disable-libgomp --disable-libmudflap --with-mpfr=/home/elinux/YOCTO-TEST/nuvoton-1.4.4/build-nuvoton/tmp/sysroots/x86_64-nativesdk-pokysdk-linux --with-mpc=/home/elinux/YOCTO-TEST/nuvoton-1.4.4/build-nuvoton/tmp/sysroots/x86_64-nativesdk-pokysdk-linux --enable-nls
Thread model: posix
gcc version 4.7.2 (GCC) 
configure:4073: $? = 0
configure:4062: arm-poky-linux-gnueabi-gcc -V >&5
arm-poky-linux-gnueabi-gcc: error: unrecognized command line option '-V'
arm-poky-linux-gnueabi-gcc: fatal error: no input files
compilation terminated.
configure:4073: $? = 1
configure:4062: arm-poky-linux-gnueabi-gcc -qversion >&5
arm-poky-linux-gnueabi-gcc: error: unrecognized command line option '-qversion'
arm-poky-linux-gnueabi-gcc: fatal error: no input files
compilation terminated.
configure:4073: $? = 1
configure:4077: checking whether we are using the GNU C compiler
configure:4096: arm-poky-linux-gnueabi-gcc -c   conftest.c >&5
configure:4096: $? = 0
configure:4105: result: yes
configure:4114: checking whether arm-poky-linux-gnueabi-gcc accepts -g
configure:4134: arm-poky-linux-gnueabi-gcc -c -g  conftest.c >&5
configure:4134: $? = 0
configure:4175: result: yes
configure:4192: checking for arm-poky-linux-gnueabi-gcc option to accept ISO C89
configure:4255: arm-poky-linux-gnueabi-gcc  -c -g -O2  conftest.c >&5
configure:4255: $? = 0
configure:4268: result: none needed
configure:4290: checking dependency style of arm-poky-linux-gnueabi-gcc
configure:4401: result: gcc3
configure:4445: checking build system type
configure:4459: result: x86_64-unknown-linux-gnu
configure:4479: checking host system type
configure:4492: result: arm-poky-linux-gnueabi
configure:4533: checking how to print strings
configure:4560: result: printf
configure:4581: checking for a sed that does not truncate output
configure:4645: result: /bin/sed
configure:4663: checking for grep that handles long lines and -e
configure:4721: result: /bin/grep
configure:4726: checking for egrep
configure:4788: result: /bin/grep -E
configure:4793: checking for fgrep
configure:4855: result: /bin/grep -F
configure:4890: checking for ld used by arm-poky-linux-gnueabi-gcc
configure:4957: result: /opt/poky/1.4.4/sysroots/x86_64-pokysdk-linux/usr/libexec/armv5te-poky-linux-gnueabi/gcc/arm-poky-linux-gnueabi/4.7.2/ld
configure:4964: checking if the linker (/opt/poky/1.4.4/sysroots/x86_64-pokysdk-linux/usr/libexec/armv5te-poky-linux-gnueabi/gcc/arm-poky-linux-gnueabi/4.7.2/ld) is GNU ld
configure:4979: result: yes
configure:4991: checking for BSD- or MS-compatible name lister (nm)
configure:5040: result: /opt/poky/1.4.4/sysroots/x86_64-pokysdk-linux/usr/bin/armv5te-poky-linux-gnueabi//arm-poky-linux-gnueabi-nm -B
configure:5170: checking the name lister (/opt/poky/1.4.4/sysroots/x86_64-pokysdk-linux/usr/bin/armv5te-poky-linux-gnueabi//arm-poky-linux-gnueabi-nm -B) interface
configure:5177: arm-poky-linux-gnueabi-gcc -c -g -O2  conftest.c >&5
configure:5180: /opt/poky/1.4.4/sysroots/x86_64-pokysdk-linux/usr/bin/armv5te-poky-linux-gnueabi//arm-poky-linux-gnueabi-nm -B "conftest.o"
configure:5183: output
00000000 B some_variable
configure:5190: result: BSD nm
configure:5193: checking whether ln -s works
configure:5197: result: yes
configure:5205: checking the maximum length of command line arguments
configure:5335: result: 1572864
configure:5352: checking whether the shell understands some XSI constructs
configure:5362: result: yes
configure:5366: checking whether the shell understands "+="
configure:5372: result: yes
configure:5407: checking how to convert x86_64-unknown-linux-gnu file names to arm-poky-linux-gnueabi format
configure:5447: result: func_convert_file_noop
configure:5454: checking how to convert x86_64-unknown-linux-gnu file names to toolchain format
configure:5474: result: func_convert_file_noop
configure:5481: checking for /opt/poky/1.4.4/sysroots/x86_64-pokysdk-linux/usr/libexec/armv5te-poky-linux-gnueabi/gcc/arm-poky-linux-gnueabi/4.7.2/ld option to reload object files
configure:5488: result: -r
configure:5522: checking for arm-poky-linux-gnueabi-objdump
configure:5538: found /opt/poky/1.4.4/sysroots/x86_64-pokysdk-linux/usr/bin/armv5te-poky-linux-gnueabi//arm-poky-linux-gnueabi-objdump
configure:5549: result: arm-poky-linux-gnueabi-objdump
configure:5621: checking how to recognize dependent libraries
configure:5823: result: pass_all
configure:5868: checking for arm-poky-linux-gnueabi-dlltool
configure:5898: result: no
configure:5908: checking for dlltool
configure:5938: result: no
configure:5968: checking how to associate runtime and link libraries
configure:5995: result: printf %s\n
configure:6012: checking for arm-poky-linux-gnueabi-ar
configure:6039: result: arm-poky-linux-gnueabi-ar
configure:6120: checking for archiver @FILE support
configure:6137: arm-poky-linux-gnueabi-gcc -c -g -O2  conftest.c >&5
configure:6137: $? = 0
configure:6140: arm-poky-linux-gnueabi-ar cru libconftest.a @conftest.lst >&5
configure:6143: $? = 0
configure:6148: arm-poky-linux-gnueabi-ar cru libconftest.a @conftest.lst >&5
arm-poky-linux-gnueabi-ar: conftest.o: No such file or directory
configure:6151: $? = 1
configure:6163: result: @
configure:6181: checking for arm-poky-linux-gnueabi-strip
configure:6208: result: arm-poky-linux-gnueabi-strip
configure:6280: checking for arm-poky-linux-gnueabi-ranlib
configure:6296: found /opt/poky/1.4.4/sysroots/x86_64-pokysdk-linux/usr/bin/armv5te-poky-linux-gnueabi//arm-poky-linux-gnueabi-ranlib
configure:6307: result: arm-poky-linux-gnueabi-ranlib
configure:6449: checking command to parse /opt/poky/1.4.4/sysroots/x86_64-pokysdk-linux/usr/bin/armv5te-poky-linux-gnueabi//arm-poky-linux-gnueabi-nm -B output from arm-poky-linux-gnueabi-gcc object
configure:6569: arm-poky-linux-gnueabi-gcc -c -g -O2  conftest.c >&5
configure:6572: $? = 0
configure:6576: /opt/poky/1.4.4/sysroots/x86_64-pokysdk-linux/usr/bin/armv5te-poky-linux-gnueabi//arm-poky-linux-gnueabi-nm -B conftest.o \| sed -n -e 's/^.*[ ]\([ABCDGIRSTW][ABCDGIRSTW]*\)[ ][ ]*\([_A-Za-z][_A-Za-z0-9]*\)$/\1 \2 \2/p' | sed '/ __gnu_lto/d' \> conftest.nm
configure:6579: $? = 0
configure:6645: arm-poky-linux-gnueabi-gcc -o conftest -g -O2   conftest.c conftstm.o >&5
configure:6648: $? = 0
configure:6686: result: ok
configure:6723: checking for sysroot
configure:6753: result: no
configure:6969: checking for arm-poky-linux-gnueabi-mt
configure:6999: result: no
configure:7009: checking for mt
configure:7025: found /bin/mt
configure:7036: result: mt
configure:7048: WARNING: using cross tools not prefixed with host triplet
configure:7059: checking if mt is a manifest tool
configure:7065: mt '-?'
configure:7073: result: no
configure:7715: checking how to run the C preprocessor
configure:7746: arm-poky-linux-gnueabi-gcc -E  conftest.c
configure:7746: $? = 0
configure:7760: arm-poky-linux-gnueabi-gcc -E  conftest.c
conftest.c:11:28: fatal error: ac_nonexistent.h: No such file or directory
compilation terminated.
configure:7760: $? = 1
configure: failed program was:
| /* confdefs.h */
| #define PACKAGE_NAME "libnfc_nci_linux"
| #define PACKAGE_TARNAME "libnfc_nci_linux"
| #define PACKAGE_VERSION "1.0"
| #define PACKAGE_STRING "libnfc_nci_linux 1.0"
| #define PACKAGE_BUGREPORT ""
| #define PACKAGE_URL ""
| #define PACKAGE "libnfc_nci_linux"
| #define VERSION "1.0"
| /* end confdefs.h.  */
| #include <ac_nonexistent.h>
configure:7785: result: arm-poky-linux-gnueabi-gcc -E
configure:7805: arm-poky-linux-gnueabi-gcc -E  conftest.c
configure:7805: $? = 0
configure:7819: arm-poky-linux-gnueabi-gcc -E  conftest.c
conftest.c:11:28: fatal error: ac_nonexistent.h: No such file or directory
compilation terminated.
configure:7819: $? = 1
configure: failed program was:
| /* confdefs.h */
| #define PACKAGE_NAME "libnfc_nci_linux"
| #define PACKAGE_TARNAME "libnfc_nci_linux"
| #define PACKAGE_VERSION "1.0"
| #define PACKAGE_STRING "libnfc_nci_linux 1.0"
| #define PACKAGE_BUGREPORT ""
| #define PACKAGE_URL ""
| #define PACKAGE "libnfc_nci_linux"
| #define VERSION "1.0"
| /* end confdefs.h.  */
| #include <ac_nonexistent.h>
configure:7848: checking for ANSI C header files
configure:7868: arm-poky-linux-gnueabi-gcc -c -g -O2  conftest.c >&5
configure:7868: $? = 0
configure:7952: result: yes
configure:7965: checking for sys/types.h
configure:7965: arm-poky-linux-gnueabi-gcc -c -g -O2  conftest.c >&5
configure:7965: $? = 0
configure:7965: result: yes
configure:7965: checking for sys/stat.h
configure:7965: arm-poky-linux-gnueabi-gcc -c -g -O2  conftest.c >&5
configure:7965: $? = 0
configure:7965: result: yes
configure:7965: checking for stdlib.h
configure:7965: arm-poky-linux-gnueabi-gcc -c -g -O2  conftest.c >&5
configure:7965: $? = 0
configure:7965: result: yes
configure:7965: checking for string.h
configure:7965: arm-poky-linux-gnueabi-gcc -c -g -O2  conftest.c >&5
configure:7965: $? = 0
configure:7965: result: yes
configure:7965: checking for memory.h
configure:7965: arm-poky-linux-gnueabi-gcc -c -g -O2  conftest.c >&5
configure:7965: $? = 0
configure:7965: result: yes
configure:7965: checking for strings.h
configure:7965: arm-poky-linux-gnueabi-gcc -c -g -O2  conftest.c >&5
configure:7965: $? = 0
configure:7965: result: yes
configure:7965: checking for inttypes.h
configure:7965: arm-poky-linux-gnueabi-gcc -c -g -O2  conftest.c >&5
configure:7965: $? = 0
configure:7965: result: yes
configure:7965: checking for stdint.h
configure:7965: arm-poky-linux-gnueabi-gcc -c -g -O2  conftest.c >&5
configure:7965: $? = 0
configure:7965: result: yes
configure:7965: checking for unistd.h
configure:7965: arm-poky-linux-gnueabi-gcc -c -g -O2  conftest.c >&5
configure:7965: $? = 0
configure:7965: result: yes
configure:7979: checking for dlfcn.h
configure:7979: arm-poky-linux-gnueabi-gcc -c -g -O2  conftest.c >&5
configure:7979: $? = 0
configure:7979: result: yes
configure:8197: checking for objdir
configure:8212: result: .libs
configure:8479: checking if arm-poky-linux-gnueabi-gcc supports -fno-rtti -fno-exceptions
configure:8497: arm-poky-linux-gnueabi-gcc -c -g -O2  -fno-rtti -fno-exceptions conftest.c >&5
cc1: warning: command line option '-fno-rtti' is valid for C++/ObjC++ but not for C [enabled by default]
configure:8501: $? = 0
configure:8514: result: no
configure:8841: checking for arm-poky-linux-gnueabi-gcc option to produce PIC
configure:8848: result: -fPIC -DPIC
configure:8856: checking if arm-poky-linux-gnueabi-gcc PIC flag -fPIC -DPIC works
configure:8874: arm-poky-linux-gnueabi-gcc -c -g -O2  -fPIC -DPIC -DPIC conftest.c >&5
configure:8878: $? = 0
configure:8891: result: yes
configure:8920: checking if arm-poky-linux-gnueabi-gcc static flag -static works
configure:8948: result: no
configure:8963: checking if arm-poky-linux-gnueabi-gcc supports -c -o file.o
configure:8984: arm-poky-linux-gnueabi-gcc -c -g -O2  -o out/conftest2.o conftest.c >&5
configure:8988: $? = 0
configure:9010: result: yes
configure:9018: checking if arm-poky-linux-gnueabi-gcc supports -c -o file.o
configure:9065: result: yes
configure:9098: checking whether the arm-poky-linux-gnueabi-gcc linker (/opt/poky/1.4.4/sysroots/x86_64-pokysdk-linux/usr/libexec/armv5te-poky-linux-gnueabi/gcc/arm-poky-linux-gnueabi/4.7.2/ld) supports shared libraries
configure:10251: result: yes
configure:10288: checking whether -lc should be explicitly linked in
configure:10296: arm-poky-linux-gnueabi-gcc -c -g -O2  conftest.c >&5
configure:10299: $? = 0
configure:10314: arm-poky-linux-gnueabi-gcc -shared  -fPIC -DPIC conftest.o  -v -Wl,-soname -Wl,conftest -o conftest 2\>\&1 \| /bin/grep  -lc  \>/dev/null 2\>\&1
configure:10317: $? = 0
configure:10331: result: no
configure:10491: checking dynamic linker characteristics
configure:11002: arm-poky-linux-gnueabi-gcc -o conftest -g -O2   -Wl,-rpath -Wl,/foo conftest.c  >&5
configure:11002: $? = 0
configure:11224: result: GNU/Linux ld.so
configure:11331: checking how to hardcode library paths into programs
configure:11356: result: immediate
configure:11896: checking whether stripping libraries is possible
configure:11901: result: yes
configure:11936: checking if libtool supports shared libraries
configure:11938: result: yes
configure:11941: checking whether to build shared libraries
configure:11962: result: yes
configure:11965: checking whether to build static libraries
configure:11969: result: yes
configure:11992: checking how to run the C++ preprocessor
configure:12019: arm-poky-linux-gnueabi-g++ -E  conftest.cpp
configure:12019: $? = 0
configure:12033: arm-poky-linux-gnueabi-g++ -E  conftest.cpp
conftest.cpp:23:28: fatal error: ac_nonexistent.h: No such file or directory
compilation terminated.
configure:12033: $? = 1
configure: failed program was:
| /* confdefs.h */
| #define PACKAGE_NAME "libnfc_nci_linux"
| #define PACKAGE_TARNAME "libnfc_nci_linux"
| #define PACKAGE_VERSION "1.0"
| #define PACKAGE_STRING "libnfc_nci_linux 1.0"
| #define PACKAGE_BUGREPORT ""
| #define PACKAGE_URL ""
| #define PACKAGE "libnfc_nci_linux"
| #define VERSION "1.0"
| #define STDC_HEADERS 1
| #define HAVE_SYS_TYPES_H 1
| #define HAVE_SYS_STAT_H 1
| #define HAVE_STDLIB_H 1
| #define HAVE_STRING_H 1
| #define HAVE_MEMORY_H 1
| #define HAVE_STRINGS_H 1
| #define HAVE_INTTYPES_H 1
| #define HAVE_STDINT_H 1
| #define HAVE_UNISTD_H 1
| #define HAVE_DLFCN_H 1
| #define LT_OBJDIR ".libs/"
| /* end confdefs.h.  */
| #include <ac_nonexistent.h>
configure:12058: result: arm-poky-linux-gnueabi-g++ -E
configure:12078: arm-poky-linux-gnueabi-g++ -E  conftest.cpp
configure:12078: $? = 0
configure:12092: arm-poky-linux-gnueabi-g++ -E  conftest.cpp
conftest.cpp:23:28: fatal error: ac_nonexistent.h: No such file or directory
compilation terminated.
configure:12092: $? = 1
configure: failed program was:
| /* confdefs.h */
| #define PACKAGE_NAME "libnfc_nci_linux"
| #define PACKAGE_TARNAME "libnfc_nci_linux"
| #define PACKAGE_VERSION "1.0"
| #define PACKAGE_STRING "libnfc_nci_linux 1.0"
| #define PACKAGE_BUGREPORT ""
| #define PACKAGE_URL ""
| #define PACKAGE "libnfc_nci_linux"
| #define VERSION "1.0"
| #define STDC_HEADERS 1
| #define HAVE_SYS_TYPES_H 1
| #define HAVE_SYS_STAT_H 1
| #define HAVE_STDLIB_H 1
| #define HAVE_STRING_H 1
| #define HAVE_MEMORY_H 1
| #define HAVE_STRINGS_H 1
| #define HAVE_INTTYPES_H 1
| #define HAVE_STDINT_H 1
| #define HAVE_UNISTD_H 1
| #define HAVE_DLFCN_H 1
| #define LT_OBJDIR ".libs/"
| /* end confdefs.h.  */
| #include <ac_nonexistent.h>
configure:12261: checking for ld used by arm-poky-linux-gnueabi-g++
configure:12328: result: /opt/poky/1.4.4/sysroots/x86_64-pokysdk-linux/usr/libexec/armv5te-poky-linux-gnueabi/gcc/arm-poky-linux-gnueabi/4.7.2/ld
configure:12335: checking if the linker (/opt/poky/1.4.4/sysroots/x86_64-pokysdk-linux/usr/libexec/armv5te-poky-linux-gnueabi/gcc/arm-poky-linux-gnueabi/4.7.2/ld) is GNU ld
configure:12350: result: yes
configure:12405: checking whether the arm-poky-linux-gnueabi-g++ linker (/opt/poky/1.4.4/sysroots/x86_64-pokysdk-linux/usr/libexec/armv5te-poky-linux-gnueabi/gcc/arm-poky-linux-gnueabi/4.7.2/ld) supports shared libraries
configure:13410: result: yes
configure:13446: arm-poky-linux-gnueabi-g++ -c -g -O2  conftest.cpp >&5
configure:13449: $? = 0
configure:13969: checking for arm-poky-linux-gnueabi-g++ option to produce PIC
configure:13976: result: -fPIC -DPIC
configure:13984: checking if arm-poky-linux-gnueabi-g++ PIC flag -fPIC -DPIC works
configure:14002: arm-poky-linux-gnueabi-g++ -c -g -O2  -fPIC -DPIC -DPIC conftest.cpp >&5
configure:14006: $? = 0
configure:14019: result: yes
configure:14042: checking if arm-poky-linux-gnueabi-g++ static flag -static works
configure:14070: result: no
configure:14082: checking if arm-poky-linux-gnueabi-g++ supports -c -o file.o
configure:14103: arm-poky-linux-gnueabi-g++ -c -g -O2  -o out/conftest2.o conftest.cpp >&5
configure:14107: $? = 0
configure:14129: result: yes
configure:14134: checking if arm-poky-linux-gnueabi-g++ supports -c -o file.o
configure:14181: result: yes
configure:14211: checking whether the arm-poky-linux-gnueabi-g++ linker (/opt/poky/1.4.4/sysroots/x86_64-pokysdk-linux/usr/libexec/armv5te-poky-linux-gnueabi/gcc/arm-poky-linux-gnueabi/4.7.2/ld) supports shared libraries
configure:14247: result: yes
configure:14388: checking dynamic linker characteristics
configure:15055: result: GNU/Linux ld.so
configure:15108: checking how to hardcode library paths into programs
configure:15133: result: immediate
configure:15204: checking for stdint.h
configure:15204: result: yes
configure:15204: checking for stdlib.h
configure:15204: result: yes
configure:15204: checking for string.h
configure:15204: result: yes
configure:15204: checking sys/time.h usability
configure:15204: arm-poky-linux-gnueabi-gcc -c -g -O2  conftest.c >&5
configure:15204: $? = 0
configure:15204: result: yes
configure:15204: checking sys/time.h presence
configure:15204: arm-poky-linux-gnueabi-gcc -E  conftest.c
configure:15204: $? = 0
configure:15204: result: yes
configure:15204: checking for sys/time.h
configure:15204: result: yes
configure:15204: checking for unistd.h
configure:15204: result: yes
configure:15217: checking fcntl.h usability
configure:15217: arm-poky-linux-gnueabi-gcc -c -g -O2  conftest.c >&5
configure:15217: $? = 0
configure:15217: result: yes
configure:15217: checking fcntl.h presence
configure:15217: arm-poky-linux-gnueabi-gcc -E  conftest.c
configure:15217: $? = 0
configure:15217: result: yes
configure:15217: checking for fcntl.h
configure:15217: result: yes
configure:15217: checking sys/ioctl.h usability
configure:15217: arm-poky-linux-gnueabi-gcc -c -g -O2  conftest.c >&5
configure:15217: $? = 0
configure:15217: result: yes
configure:15217: checking sys/ioctl.h presence
configure:15217: arm-poky-linux-gnueabi-gcc -E  conftest.c
configure:15217: $? = 0
configure:15217: result: yes
configure:15217: checking for sys/ioctl.h
configure:15217: result: yes
configure:15217: checking termios.h usability
configure:15217: arm-poky-linux-gnueabi-gcc -c -g -O2  conftest.c >&5
configure:15217: $? = 0
configure:15217: result: yes
configure:15217: checking termios.h presence
configure:15217: arm-poky-linux-gnueabi-gcc -E  conftest.c
configure:15217: $? = 0
configure:15217: result: yes
configure:15217: checking for termios.h
configure:15217: result: yes
configure:15229: checking malloc.h usability
configure:15229: arm-poky-linux-gnueabi-gcc -c -g -O2  conftest.c >&5
configure:15229: $? = 0
configure:15229: result: yes
configure:15229: checking malloc.h presence
configure:15229: arm-poky-linux-gnueabi-gcc -E  conftest.c
configure:15229: $? = 0
configure:15229: result: yes
configure:15229: checking for malloc.h
configure:15229: result: yes
configure:15241: checking for stdbool.h that conforms to C99
configure:15308: arm-poky-linux-gnueabi-gcc -c -g -O2  conftest.c >&5
configure:15308: $? = 0
configure:15315: result: yes
configure:15317: checking for _Bool
configure:15317: arm-poky-linux-gnueabi-gcc -c -g -O2  conftest.c >&5
configure:15317: $? = 0
configure:15317: arm-poky-linux-gnueabi-gcc -c -g -O2  conftest.c >&5
conftest.c: In function 'main':
conftest.c:68:20: error: expected expression before ')' token
configure:15317: $? = 1
configure: failed program was:
| /* confdefs.h */
| #define PACKAGE_NAME "libnfc_nci_linux"
| #define PACKAGE_TARNAME "libnfc_nci_linux"
| #define PACKAGE_VERSION "1.0"
| #define PACKAGE_STRING "libnfc_nci_linux 1.0"
| #define PACKAGE_BUGREPORT ""
| #define PACKAGE_URL ""
| #define PACKAGE "libnfc_nci_linux"
| #define VERSION "1.0"
| #define STDC_HEADERS 1
| #define HAVE_SYS_TYPES_H 1
| #define HAVE_SYS_STAT_H 1
| #define HAVE_STDLIB_H 1
| #define HAVE_STRING_H 1
| #define HAVE_MEMORY_H 1
| #define HAVE_STRINGS_H 1
| #define HAVE_INTTYPES_H 1
| #define HAVE_STDINT_H 1
| #define HAVE_UNISTD_H 1
| #define HAVE_DLFCN_H 1
| #define LT_OBJDIR ".libs/"
| #define HAVE_STDINT_H 1
| #define HAVE_STDLIB_H 1
| #define HAVE_STRING_H 1
| #define HAVE_SYS_TIME_H 1
| #define HAVE_UNISTD_H 1
| #define HAVE_FCNTL_H 1
| #define HAVE_SYS_IOCTL_H 1
| #define HAVE_TERMIOS_H 1
| #define HAVE_MALLOC_H 1
| /* end confdefs.h.  */
| #include <stdio.h>
| #ifdef HAVE_SYS_TYPES_H
| # include <sys/types.h>
| #endif
| #ifdef HAVE_SYS_STAT_H
| # include <sys/stat.h>
| #endif
| #ifdef STDC_HEADERS
| # include <stdlib.h>
| # include <stddef.h>
| #else
| # ifdef HAVE_STDLIB_H
| #  include <stdlib.h>
| # endif
| #endif
| #ifdef HAVE_STRING_H
| # if !defined STDC_HEADERS && defined HAVE_MEMORY_H
| #  include <memory.h>
| # endif
| # include <string.h>
| #endif
| #ifdef HAVE_STRINGS_H
| # include <strings.h>
| #endif
| #ifdef HAVE_INTTYPES_H
| # include <inttypes.h>
| #endif
| #ifdef HAVE_STDINT_H
| # include <stdint.h>
| #endif
| #ifdef HAVE_UNISTD_H
| # include <unistd.h>
| #endif
| int
| main ()
| {
| if (sizeof ((_Bool)))
| 	    return 0;
|   ;
|   return 0;
| }
configure:15317: result: yes
configure:15328: checking for inline
configure:15344: arm-poky-linux-gnueabi-gcc -c -g -O2  conftest.c >&5
configure:15344: $? = 0
configure:15352: result: inline
configure:15370: checking for int32_t
configure:15370: arm-poky-linux-gnueabi-gcc -c -g -O2  conftest.c >&5
configure:15370: $? = 0
configure:15370: arm-poky-linux-gnueabi-gcc -c -g -O2  conftest.c >&5
conftest.c: In function 'main':
conftest.c:71:53: warning: integer overflow in expression [-Woverflow]
conftest.c:70:12: error: size of array 'test_array' is negative
conftest.c:70:12: error: storage size of 'test_array' isn't constant
configure:15370: $? = 1
configure: failed program was:
| /* confdefs.h */
| #define PACKAGE_NAME "libnfc_nci_linux"
| #define PACKAGE_TARNAME "libnfc_nci_linux"
| #define PACKAGE_VERSION "1.0"
| #define PACKAGE_STRING "libnfc_nci_linux 1.0"
| #define PACKAGE_BUGREPORT ""
| #define PACKAGE_URL ""
| #define PACKAGE "libnfc_nci_linux"
| #define VERSION "1.0"
| #define STDC_HEADERS 1
| #define HAVE_SYS_TYPES_H 1
| #define HAVE_SYS_STAT_H 1
| #define HAVE_STDLIB_H 1
| #define HAVE_STRING_H 1
| #define HAVE_MEMORY_H 1
| #define HAVE_STRINGS_H 1
| #define HAVE_INTTYPES_H 1
| #define HAVE_STDINT_H 1
| #define HAVE_UNISTD_H 1
| #define HAVE_DLFCN_H 1
| #define LT_OBJDIR ".libs/"
| #define HAVE_STDINT_H 1
| #define HAVE_STDLIB_H 1
| #define HAVE_STRING_H 1
| #define HAVE_SYS_TIME_H 1
| #define HAVE_UNISTD_H 1
| #define HAVE_FCNTL_H 1
| #define HAVE_SYS_IOCTL_H 1
| #define HAVE_TERMIOS_H 1
| #define HAVE_MALLOC_H 1
| #define HAVE__BOOL 1
| /* end confdefs.h.  */
| #include <stdio.h>
| #ifdef HAVE_SYS_TYPES_H
| # include <sys/types.h>
| #endif
| #ifdef HAVE_SYS_STAT_H
| # include <sys/stat.h>
| #endif
| #ifdef STDC_HEADERS
| # include <stdlib.h>
| # include <stddef.h>
| #else
| # ifdef HAVE_STDLIB_H
| #  include <stdlib.h>
| # endif
| #endif
| #ifdef HAVE_STRING_H
| # if !defined STDC_HEADERS && defined HAVE_MEMORY_H
| #  include <memory.h>
| # endif
| # include <string.h>
| #endif
| #ifdef HAVE_STRINGS_H
| # include <strings.h>
| #endif
| #ifdef HAVE_INTTYPES_H
| # include <inttypes.h>
| #endif
| #ifdef HAVE_STDINT_H
| # include <stdint.h>
| #endif
| #ifdef HAVE_UNISTD_H
| # include <unistd.h>
| #endif
| 	        enum { N = 32 / 2 - 1 };
| int
| main ()
| {
| static int test_array [1 - 2 * !((int32_t) (((((int32_t) 1 << N) << N) - 1) * 2 + 1)
| 		 < (int32_t) (((((int32_t) 1 << N) << N) - 1) * 2 + 2))];
| test_array [0] = 0;
| return test_array [0];
| 
|   ;
|   return 0;
| }
configure:15370: result: yes
configure:15381: checking for size_t
configure:15381: arm-poky-linux-gnueabi-gcc -c -g -O2  conftest.c >&5
configure:15381: $? = 0
configure:15381: arm-poky-linux-gnueabi-gcc -c -g -O2  conftest.c >&5
conftest.c: In function 'main':
conftest.c:69:21: error: expected expression before ')' token
configure:15381: $? = 1
configure: failed program was:
| /* confdefs.h */
| #define PACKAGE_NAME "libnfc_nci_linux"
| #define PACKAGE_TARNAME "libnfc_nci_linux"
| #define PACKAGE_VERSION "1.0"
| #define PACKAGE_STRING "libnfc_nci_linux 1.0"
| #define PACKAGE_BUGREPORT ""
| #define PACKAGE_URL ""
| #define PACKAGE "libnfc_nci_linux"
| #define VERSION "1.0"
| #define STDC_HEADERS 1
| #define HAVE_SYS_TYPES_H 1
| #define HAVE_SYS_STAT_H 1
| #define HAVE_STDLIB_H 1
| #define HAVE_STRING_H 1
| #define HAVE_MEMORY_H 1
| #define HAVE_STRINGS_H 1
| #define HAVE_INTTYPES_H 1
| #define HAVE_STDINT_H 1
| #define HAVE_UNISTD_H 1
| #define HAVE_DLFCN_H 1
| #define LT_OBJDIR ".libs/"
| #define HAVE_STDINT_H 1
| #define HAVE_STDLIB_H 1
| #define HAVE_STRING_H 1
| #define HAVE_SYS_TIME_H 1
| #define HAVE_UNISTD_H 1
| #define HAVE_FCNTL_H 1
| #define HAVE_SYS_IOCTL_H 1
| #define HAVE_TERMIOS_H 1
| #define HAVE_MALLOC_H 1
| #define HAVE__BOOL 1
| /* end confdefs.h.  */
| #include <stdio.h>
| #ifdef HAVE_SYS_TYPES_H
| # include <sys/types.h>
| #endif
| #ifdef HAVE_SYS_STAT_H
| # include <sys/stat.h>
| #endif
| #ifdef STDC_HEADERS
| # include <stdlib.h>
| # include <stddef.h>
| #else
| # ifdef HAVE_STDLIB_H
| #  include <stdlib.h>
| # endif
| #endif
| #ifdef HAVE_STRING_H
| # if !defined STDC_HEADERS && defined HAVE_MEMORY_H
| #  include <memory.h>
| # endif
| # include <string.h>
| #endif
| #ifdef HAVE_STRINGS_H
| # include <strings.h>
| #endif
| #ifdef HAVE_INTTYPES_H
| # include <inttypes.h>
| #endif
| #ifdef HAVE_STDINT_H
| # include <stdint.h>
| #endif
| #ifdef HAVE_UNISTD_H
| # include <unistd.h>
| #endif
| int
| main ()
| {
| if (sizeof ((size_t)))
| 	    return 0;
|   ;
|   return 0;
| }
configure:15381: result: yes
configure:15392: checking for uint16_t
configure:15392: arm-poky-linux-gnueabi-gcc -c -g -O2  conftest.c >&5
configure:15392: $? = 0
configure:15392: result: yes
configure:15404: checking for uint32_t
configure:15404: arm-poky-linux-gnueabi-gcc -c -g -O2  conftest.c >&5
configure:15404: $? = 0
configure:15404: result: yes
configure:15418: checking for uint64_t
configure:15418: arm-poky-linux-gnueabi-gcc -c -g -O2  conftest.c >&5
configure:15418: $? = 0
configure:15418: result: yes
configure:15432: checking for uint8_t
configure:15432: arm-poky-linux-gnueabi-gcc -c -g -O2  conftest.c >&5
configure:15432: $? = 0
configure:15432: result: yes
configure:15446: checking for int16_t
configure:15446: arm-poky-linux-gnueabi-gcc -c -g -O2  conftest.c >&5
configure:15446: $? = 0
configure:15446: arm-poky-linux-gnueabi-gcc -c -g -O2  conftest.c >&5
conftest.c: In function 'main':
conftest.c:70:12: error: size of array 'test_array' is negative
configure:15446: $? = 1
configure: failed program was:
| /* confdefs.h */
| #define PACKAGE_NAME "libnfc_nci_linux"
| #define PACKAGE_TARNAME "libnfc_nci_linux"
| #define PACKAGE_VERSION "1.0"
| #define PACKAGE_STRING "libnfc_nci_linux 1.0"
| #define PACKAGE_BUGREPORT ""
| #define PACKAGE_URL ""
| #define PACKAGE "libnfc_nci_linux"
| #define VERSION "1.0"
| #define STDC_HEADERS 1
| #define HAVE_SYS_TYPES_H 1
| #define HAVE_SYS_STAT_H 1
| #define HAVE_STDLIB_H 1
| #define HAVE_STRING_H 1
| #define HAVE_MEMORY_H 1
| #define HAVE_STRINGS_H 1
| #define HAVE_INTTYPES_H 1
| #define HAVE_STDINT_H 1
| #define HAVE_UNISTD_H 1
| #define HAVE_DLFCN_H 1
| #define LT_OBJDIR ".libs/"
| #define HAVE_STDINT_H 1
| #define HAVE_STDLIB_H 1
| #define HAVE_STRING_H 1
| #define HAVE_SYS_TIME_H 1
| #define HAVE_UNISTD_H 1
| #define HAVE_FCNTL_H 1
| #define HAVE_SYS_IOCTL_H 1
| #define HAVE_TERMIOS_H 1
| #define HAVE_MALLOC_H 1
| #define HAVE__BOOL 1
| /* end confdefs.h.  */
| #include <stdio.h>
| #ifdef HAVE_SYS_TYPES_H
| # include <sys/types.h>
| #endif
| #ifdef HAVE_SYS_STAT_H
| # include <sys/stat.h>
| #endif
| #ifdef STDC_HEADERS
| # include <stdlib.h>
| # include <stddef.h>
| #else
| # ifdef HAVE_STDLIB_H
| #  include <stdlib.h>
| # endif
| #endif
| #ifdef HAVE_STRING_H
| # if !defined STDC_HEADERS && defined HAVE_MEMORY_H
| #  include <memory.h>
| # endif
| # include <string.h>
| #endif
| #ifdef HAVE_STRINGS_H
| # include <strings.h>
| #endif
| #ifdef HAVE_INTTYPES_H
| # include <inttypes.h>
| #endif
| #ifdef HAVE_STDINT_H
| # include <stdint.h>
| #endif
| #ifdef HAVE_UNISTD_H
| # include <unistd.h>
| #endif
| 	        enum { N = 16 / 2 - 1 };
| int
| main ()
| {
| static int test_array [1 - 2 * !((int16_t) (((((int16_t) 1 << N) << N) - 1) * 2 + 1)
| 		 < (int16_t) (((((int16_t) 1 << N) << N) - 1) * 2 + 2))];
| test_array [0] = 0;
| return test_array [0];
| 
|   ;
|   return 0;
| }
configure:15446: result: yes
configure:15457: checking for int8_t
configure:15457: arm-poky-linux-gnueabi-gcc -c -g -O2  conftest.c >&5
configure:15457: $? = 0
configure:15457: arm-poky-linux-gnueabi-gcc -c -g -O2  conftest.c >&5
conftest.c: In function 'main':
conftest.c:70:12: error: size of array 'test_array' is negative
configure:15457: $? = 1
configure: failed program was:
| /* confdefs.h */
| #define PACKAGE_NAME "libnfc_nci_linux"
| #define PACKAGE_TARNAME "libnfc_nci_linux"
| #define PACKAGE_VERSION "1.0"
| #define PACKAGE_STRING "libnfc_nci_linux 1.0"
| #define PACKAGE_BUGREPORT ""
| #define PACKAGE_URL ""
| #define PACKAGE "libnfc_nci_linux"
| #define VERSION "1.0"
| #define STDC_HEADERS 1
| #define HAVE_SYS_TYPES_H 1
| #define HAVE_SYS_STAT_H 1
| #define HAVE_STDLIB_H 1
| #define HAVE_STRING_H 1
| #define HAVE_MEMORY_H 1
| #define HAVE_STRINGS_H 1
| #define HAVE_INTTYPES_H 1
| #define HAVE_STDINT_H 1
| #define HAVE_UNISTD_H 1
| #define HAVE_DLFCN_H 1
| #define LT_OBJDIR ".libs/"
| #define HAVE_STDINT_H 1
| #define HAVE_STDLIB_H 1
| #define HAVE_STRING_H 1
| #define HAVE_SYS_TIME_H 1
| #define HAVE_UNISTD_H 1
| #define HAVE_FCNTL_H 1
| #define HAVE_SYS_IOCTL_H 1
| #define HAVE_TERMIOS_H 1
| #define HAVE_MALLOC_H 1
| #define HAVE__BOOL 1
| /* end confdefs.h.  */
| #include <stdio.h>
| #ifdef HAVE_SYS_TYPES_H
| # include <sys/types.h>
| #endif
| #ifdef HAVE_SYS_STAT_H
| # include <sys/stat.h>
| #endif
| #ifdef STDC_HEADERS
| # include <stdlib.h>
| # include <stddef.h>
| #else
| # ifdef HAVE_STDLIB_H
| #  include <stdlib.h>
| # endif
| #endif
| #ifdef HAVE_STRING_H
| # if !defined STDC_HEADERS && defined HAVE_MEMORY_H
| #  include <memory.h>
| # endif
| # include <string.h>
| #endif
| #ifdef HAVE_STRINGS_H
| # include <strings.h>
| #endif
| #ifdef HAVE_INTTYPES_H
| # include <inttypes.h>
| #endif
| #ifdef HAVE_STDINT_H
| # include <stdint.h>
| #endif
| #ifdef HAVE_UNISTD_H
| # include <unistd.h>
| #endif
| 	        enum { N = 8 / 2 - 1 };
| int
| main ()
| {
| static int test_array [1 - 2 * !((int8_t) (((((int8_t) 1 << N) << N) - 1) * 2 + 1)
| 		 < (int8_t) (((((int8_t) 1 << N) << N) - 1) * 2 + 2))];
| test_array [0] = 0;
| return test_array [0];
| 
|   ;
|   return 0;
| }
configure:15457: result: yes
configure:15468: checking for ssize_t
configure:15468: arm-poky-linux-gnueabi-gcc -c -g -O2  conftest.c >&5
configure:15468: $? = 0
configure:15468: arm-poky-linux-gnueabi-gcc -c -g -O2  conftest.c >&5
conftest.c: In function 'main':
conftest.c:69:22: error: expected expression before ')' token
configure:15468: $? = 1
configure: failed program was:
| /* confdefs.h */
| #define PACKAGE_NAME "libnfc_nci_linux"
| #define PACKAGE_TARNAME "libnfc_nci_linux"
| #define PACKAGE_VERSION "1.0"
| #define PACKAGE_STRING "libnfc_nci_linux 1.0"
| #define PACKAGE_BUGREPORT ""
| #define PACKAGE_URL ""
| #define PACKAGE "libnfc_nci_linux"
| #define VERSION "1.0"
| #define STDC_HEADERS 1
| #define HAVE_SYS_TYPES_H 1
| #define HAVE_SYS_STAT_H 1
| #define HAVE_STDLIB_H 1
| #define HAVE_STRING_H 1
| #define HAVE_MEMORY_H 1
| #define HAVE_STRINGS_H 1
| #define HAVE_INTTYPES_H 1
| #define HAVE_STDINT_H 1
| #define HAVE_UNISTD_H 1
| #define HAVE_DLFCN_H 1
| #define LT_OBJDIR ".libs/"
| #define HAVE_STDINT_H 1
| #define HAVE_STDLIB_H 1
| #define HAVE_STRING_H 1
| #define HAVE_SYS_TIME_H 1
| #define HAVE_UNISTD_H 1
| #define HAVE_FCNTL_H 1
| #define HAVE_SYS_IOCTL_H 1
| #define HAVE_TERMIOS_H 1
| #define HAVE_MALLOC_H 1
| #define HAVE__BOOL 1
| /* end confdefs.h.  */
| #include <stdio.h>
| #ifdef HAVE_SYS_TYPES_H
| # include <sys/types.h>
| #endif
| #ifdef HAVE_SYS_STAT_H
| # include <sys/stat.h>
| #endif
| #ifdef STDC_HEADERS
| # include <stdlib.h>
| # include <stddef.h>
| #else
| # ifdef HAVE_STDLIB_H
| #  include <stdlib.h>
| # endif
| #endif
| #ifdef HAVE_STRING_H
| # if !defined STDC_HEADERS && defined HAVE_MEMORY_H
| #  include <memory.h>
| # endif
| # include <string.h>
| #endif
| #ifdef HAVE_STRINGS_H
| # include <strings.h>
| #endif
| #ifdef HAVE_INTTYPES_H
| # include <inttypes.h>
| #endif
| #ifdef HAVE_STDINT_H
| # include <stdint.h>
| #endif
| #ifdef HAVE_UNISTD_H
| # include <unistd.h>
| #endif
| int
| main ()
| {
| if (sizeof ((ssize_t)))
| 	    return 0;
|   ;
|   return 0;
| }
configure:15468: result: yes
configure:15483: checking for stdlib.h
configure:15483: result: yes
configure:15493: checking for GNU libc compatible malloc
configure:15527: result: no
configure:15550: checking for stdlib.h
configure:15550: result: yes
configure:15560: checking for GNU libc compatible realloc
configure:15594: result: no
configure:15617: checking for stdlib.h
configure:15617: result: yes
configure:15627: checking for GNU libc compatible malloc
configure:15661: result: no
configure:15671: checking for gettimeofday
configure:15671: arm-poky-linux-gnueabi-gcc -o conftest -g -O2   conftest.c  >&5
configure:15671: $? = 0
configure:15671: result: yes
configure:15671: checking for memmove
configure:15671: arm-poky-linux-gnueabi-gcc -o conftest -g -O2   conftest.c  >&5
conftest.c:64:6: warning: conflicting types for built-in function 'memmove' [enabled by default]
configure:15671: $? = 0
configure:15671: result: yes
configure:15671: checking for memset
configure:15671: arm-poky-linux-gnueabi-gcc -o conftest -g -O2   conftest.c  >&5
conftest.c:65:6: warning: conflicting types for built-in function 'memset' [enabled by default]
configure:15671: $? = 0
configure:15671: result: yes
configure:15671: checking for strerror
configure:15671: arm-poky-linux-gnueabi-gcc -o conftest -g -O2   conftest.c  >&5
configure:15671: $? = 0
configure:15671: result: yes
configure:15671: checking for strstr
configure:15671: arm-poky-linux-gnueabi-gcc -o conftest -g -O2   conftest.c  >&5
conftest.c:67:6: warning: conflicting types for built-in function 'strstr' [enabled by default]
configure:15671: $? = 0
configure:15671: result: yes
configure:15682: checking for clock_gettime
configure:15682: arm-poky-linux-gnueabi-gcc -o conftest -g -O2   conftest.c  >&5
configure:15682: $? = 0
configure:15682: result: yes
configure:15693: checking for select
configure:15693: arm-poky-linux-gnueabi-gcc -o conftest -g -O2   conftest.c  >&5
configure:15693: $? = 0
configure:15693: result: yes
configure:15704: checking for dlopen
configure:15704: arm-poky-linux-gnueabi-gcc -o conftest -g -O2   conftest.c  >&5
/tmp/cccpF3M5.o: In function `main':
/home/elinux1/projects/Gokul_Backup/Yocto_nuvoton/Daemon_75xx/Nfc/linux_libnfc-nci-master/conftest.c:81: undefined reference to `dlopen'
collect2: error: ld returned 1 exit status
configure:15704: $? = 1
configure: failed program was:
| /* confdefs.h */
| #define PACKAGE_NAME "libnfc_nci_linux"
| #define PACKAGE_TARNAME "libnfc_nci_linux"
| #define PACKAGE_VERSION "1.0"
| #define PACKAGE_STRING "libnfc_nci_linux 1.0"
| #define PACKAGE_BUGREPORT ""
| #define PACKAGE_URL ""
| #define PACKAGE "libnfc_nci_linux"
| #define VERSION "1.0"
| #define STDC_HEADERS 1
| #define HAVE_SYS_TYPES_H 1
| #define HAVE_SYS_STAT_H 1
| #define HAVE_STDLIB_H 1
| #define HAVE_STRING_H 1
| #define HAVE_MEMORY_H 1
| #define HAVE_STRINGS_H 1
| #define HAVE_INTTYPES_H 1
| #define HAVE_STDINT_H 1
| #define HAVE_UNISTD_H 1
| #define HAVE_DLFCN_H 1
| #define LT_OBJDIR ".libs/"
| #define HAVE_STDINT_H 1
| #define HAVE_STDLIB_H 1
| #define HAVE_STRING_H 1
| #define HAVE_SYS_TIME_H 1
| #define HAVE_UNISTD_H 1
| #define HAVE_FCNTL_H 1
| #define HAVE_SYS_IOCTL_H 1
| #define HAVE_TERMIOS_H 1
| #define HAVE_MALLOC_H 1
| #define HAVE__BOOL 1
| #define HAVE_STDLIB_H 1
| #define HAVE_MALLOC 0
| #define malloc rpl_malloc
| #define HAVE_STDLIB_H 1
| #define HAVE_REALLOC 0
| #define realloc rpl_realloc
| #define HAVE_STDLIB_H 1
| #define HAVE_GETTIMEOFDAY 1
| #define HAVE_MEMMOVE 1
| #define HAVE_MEMSET 1
| #define HAVE_STRERROR 1
| #define HAVE_STRSTR 1
| #define HAVE_CLOCK_GETTIME 1
| #define HAVE_SELECT 1
| /* end confdefs.h.  */
| /* Define dlopen to an innocuous variant, in case <limits.h> declares dlopen.
|    For example, HP-UX 11i <limits.h> declares gettimeofday.  */
| #define dlopen innocuous_dlopen
| 
| /* System header to define __stub macros and hopefully few prototypes,
|     which can conflict with char dlopen (); below.
|     Prefer <limits.h> to <assert.h> if __STDC__ is defined, since
|     <limits.h> exists even on freestanding compilers.  */
| 
| #ifdef __STDC__
| # include <limits.h>
| #else
| # include <assert.h>
| #endif
| 
| #undef dlopen
| 
| /* Override any GCC internal prototype to avoid an error.
|    Use char because int might match the return type of a GCC
|    builtin and then its argument prototype would still apply.  */
| #ifdef __cplusplus
| extern "C"
| #endif
| char dlopen ();
| /* The GNU C library defines this for functions which it implements
|     to always fail with ENOSYS.  Some functions are actually named
|     something starting with __ and the normal name is an alias.  */
| #if defined __stub_dlopen || defined __stub___dlopen
| choke me
| #endif
| 
| int
| main ()
| {
| return dlopen ();
|   ;
|   return 0;
| }
configure:15704: result: no
configure:15784: LLCP1.3 support is disabled (no secure P2P)
configure:15796: Selected chip type is PN7150
configure:15950: checking that generated files are newer than configure
configure:15956: result: done
configure:16007: creating ./config.status

## ---------------- ##
## Cache variables. ##
## ---------------- ##

ac_cv_build=x86_64-unknown-linux-gnu
ac_cv_c_compiler_gnu=yes
ac_cv_c_inline=inline
ac_cv_c_int16_t=yes
ac_cv_c_int32_t=yes
ac_cv_c_int8_t=yes
ac_cv_c_uint16_t=yes
ac_cv_c_uint32_t=yes
ac_cv_c_uint64_t=yes
ac_cv_c_uint8_t=yes
ac_cv_cxx_compiler_gnu=yes
ac_cv_env_CCC_set=
ac_cv_env_CCC_value=
ac_cv_env_CC_set=set
ac_cv_env_CC_value=arm-poky-linux-gnueabi-gcc
ac_cv_env_CFLAGS_set=
ac_cv_env_CFLAGS_value=
ac_cv_env_CPPFLAGS_set=
ac_cv_env_CPPFLAGS_value=
ac_cv_env_CPP_set=
ac_cv_env_CPP_value=
ac_cv_env_CXXCPP_set=
ac_cv_env_CXXCPP_value=
ac_cv_env_CXXFLAGS_set=
ac_cv_env_CXXFLAGS_value=
ac_cv_env_CXX_set=set
ac_cv_env_CXX_value=arm-poky-linux-gnueabi-g++
ac_cv_env_LDFLAGS_set=
ac_cv_env_LDFLAGS_value=
ac_cv_env_LIBS_set=
ac_cv_env_LIBS_value=
ac_cv_env_build_alias_set=
ac_cv_env_build_alias_value=
ac_cv_env_host_alias_set=set
ac_cv_env_host_alias_value=arm-poky-linux-gnueabi
ac_cv_env_openssldir_set=
ac_cv_env_openssldir_value=
ac_cv_env_target_alias_set=
ac_cv_env_target_alias_value=
ac_cv_func_clock_gettime=yes
ac_cv_func_dlopen=no
ac_cv_func_gettimeofday=yes
ac_cv_func_malloc_0_nonnull=no
ac_cv_func_memmove=yes
ac_cv_func_memset=yes
ac_cv_func_realloc_0_nonnull=no
ac_cv_func_select=yes
ac_cv_func_strerror=yes
ac_cv_func_strstr=yes
ac_cv_header_dlfcn_h=yes
ac_cv_header_fcntl_h=yes
ac_cv_header_inttypes_h=yes
ac_cv_header_malloc_h=yes
ac_cv_header_memory_h=yes
ac_cv_header_stdbool_h=yes
ac_cv_header_stdc=yes
ac_cv_header_stdint_h=yes
ac_cv_header_stdlib_h=yes
ac_cv_header_string_h=yes
ac_cv_header_strings_h=yes
ac_cv_header_sys_ioctl_h=yes
ac_cv_header_sys_stat_h=yes
ac_cv_header_sys_time_h=yes
ac_cv_header_sys_types_h=yes
ac_cv_header_termios_h=yes
ac_cv_header_unistd_h=yes
ac_cv_host=arm-poky-linux-gnueabi
ac_cv_objext=o
ac_cv_path_EGREP='/bin/grep -E'
ac_cv_path_FGREP='/bin/grep -F'
ac_cv_path_GREP=/bin/grep
ac_cv_path_SED=/bin/sed
ac_cv_path_install='/usr/bin/install -c'
ac_cv_path_mkdir=/bin/mkdir
ac_cv_prog_AR=arm-poky-linux-gnueabi-ar
ac_cv_prog_AWK=gawk
ac_cv_prog_CC=arm-poky-linux-gnueabi-gcc
ac_cv_prog_CPP='arm-poky-linux-gnueabi-gcc -E'
ac_cv_prog_CXXCPP='arm-poky-linux-gnueabi-g++ -E'
ac_cv_prog_OBJDUMP=arm-poky-linux-gnueabi-objdump
ac_cv_prog_RANLIB=arm-poky-linux-gnueabi-ranlib
ac_cv_prog_STRIP=arm-poky-linux-gnueabi-strip
ac_cv_prog_ac_ct_MANIFEST_TOOL=mt
ac_cv_prog_cc_c89=
ac_cv_prog_cc_g=yes
ac_cv_prog_cxx_g=yes
ac_cv_prog_make_make_set=yes
ac_cv_type__Bool=yes
ac_cv_type_size_t=yes
ac_cv_type_ssize_t=yes
am_cv_CC_dependencies_compiler_type=gcc3
am_cv_CXX_dependencies_compiler_type=gcc3
lt_cv_ar_at_file=@
lt_cv_archive_cmds_need_lc=no
lt_cv_deplibs_check_method=pass_all
lt_cv_file_magic_cmd='$MAGIC_CMD'
lt_cv_file_magic_test_file=
lt_cv_ld_reload_flag=-r
lt_cv_nm_interface='BSD nm'
lt_cv_objdir=.libs
lt_cv_path_LD=/opt/poky/1.4.4/sysroots/x86_64-pokysdk-linux/usr/libexec/armv5te-poky-linux-gnueabi/gcc/arm-poky-linux-gnueabi/4.7.2/ld
lt_cv_path_LDCXX=/opt/poky/1.4.4/sysroots/x86_64-pokysdk-linux/usr/libexec/armv5te-poky-linux-gnueabi/gcc/arm-poky-linux-gnueabi/4.7.2/ld
lt_cv_path_NM='/opt/poky/1.4.4/sysroots/x86_64-pokysdk-linux/usr/bin/armv5te-poky-linux-gnueabi//arm-poky-linux-gnueabi-nm -B'
lt_cv_path_mainfest_tool=no
lt_cv_prog_compiler_c_o=yes
lt_cv_prog_compiler_c_o_CXX=yes
lt_cv_prog_compiler_pic='-fPIC -DPIC'
lt_cv_prog_compiler_pic_CXX='-fPIC -DPIC'
lt_cv_prog_compiler_pic_works=yes
lt_cv_prog_compiler_pic_works_CXX=yes
lt_cv_prog_compiler_rtti_exceptions=no
lt_cv_prog_compiler_static_works=no
lt_cv_prog_compiler_static_works_CXX=no
lt_cv_prog_gnu_ld=yes
lt_cv_prog_gnu_ldcxx=yes
lt_cv_sharedlib_from_linklib_cmd='printf %s\n'
lt_cv_shlibpath_overrides_runpath=no
lt_cv_sys_global_symbol_pipe='sed -n -e '\''s/^.*[	 ]\([ABCDGIRSTW][ABCDGIRSTW]*\)[	 ][	 ]*\([_A-Za-z][_A-Za-z0-9]*\)$/\1 \2 \2/p'\'' | sed '\''/ __gnu_lto/d'\'''
lt_cv_sys_global_symbol_to_c_name_address='sed -n -e '\''s/^: \([^ ]*\)[ ]*$/  {\"\1\", (void *) 0},/p'\'' -e '\''s/^[ABCDGIRSTW]* \([^ ]*\) \([^ ]*\)$/  {"\2", (void *) \&\2},/p'\'''
lt_cv_sys_global_symbol_to_c_name_address_lib_prefix='sed -n -e '\''s/^: \([^ ]*\)[ ]*$/  {\"\1\", (void *) 0},/p'\'' -e '\''s/^[ABCDGIRSTW]* \([^ ]*\) \(lib[^ ]*\)$/  {"\2", (void *) \&\2},/p'\'' -e '\''s/^[ABCDGIRSTW]* \([^ ]*\) \([^ ]*\)$/  {"lib\2", (void *) \&\2},/p'\'''
lt_cv_sys_global_symbol_to_cdecl='sed -n -e '\''s/^T .* \(.*\)$/extern int \1();/p'\'' -e '\''s/^[ABCDGIRSTW]* .* \(.*\)$/extern char \1;/p'\'''
lt_cv_sys_max_cmd_len=1572864
lt_cv_to_host_file_cmd=func_convert_file_noop
lt_cv_to_tool_file_cmd=func_convert_file_noop

## ----------------- ##
## Output variables. ##
## ----------------- ##

ACLOCAL='${SHELL} /home/elinux1/projects/Gokul_Backup/Yocto_nuvoton/Daemon_75xx/Nfc/linux_libnfc-nci-master/missing --run aclocal-1.12'
AMDEPBACKSLASH='\'
AMDEP_FALSE='#'
AMDEP_TRUE=''
AMTAR='$${TAR-tar}'
AR='arm-poky-linux-gnueabi-ar'
AUTOCONF='${SHELL} /home/elinux1/projects/Gokul_Backup/Yocto_nuvoton/Daemon_75xx/Nfc/linux_libnfc-nci-master/missing --run autoconf'
AUTOHEADER='${SHELL} /home/elinux1/projects/Gokul_Backup/Yocto_nuvoton/Daemon_75xx/Nfc/linux_libnfc-nci-master/missing --run autoheader'
AUTOMAKE='${SHELL} /home/elinux1/projects/Gokul_Backup/Yocto_nuvoton/Daemon_75xx/Nfc/linux_libnfc-nci-master/missing --run automake-1.12'
AWK='gawk'
CC='arm-poky-linux-gnueabi-gcc'
CCDEPMODE='depmode=gcc3'
CFLAGS='-g -O2'
CHIP_SEL_NOK_FALSE='#'
CHIP_SEL_NOK_TRUE=''
CHIP_SEL_ONE_FALSE='#'
CHIP_SEL_ONE_TRUE=''
CPP='arm-poky-linux-gnueabi-gcc -E'
CPPFLAGS=''
CXX='arm-poky-linux-gnueabi-g++'
CXXCPP='arm-poky-linux-gnueabi-g++ -E'
CXXDEPMODE='depmode=gcc3'
CXXFLAGS='-g -O2'
CYGPATH_W='echo'
DEFS='-DHAVE_CONFIG_H'
DEPDIR='.deps'
DLLTOOL='false'
DSYMUTIL=''
DUMPBIN=''
ECHO_C=''
ECHO_N='-n'
ECHO_T=''
EGREP='/bin/grep -E'
EXEEXT=''
FGREP='/bin/grep -F'
GREP='/bin/grep'
INSTALL_DATA='${INSTALL} -m 644'
INSTALL_PROGRAM='${INSTALL}'
INSTALL_SCRIPT='${INSTALL}'
INSTALL_STRIP_PROGRAM='$(install_sh) -c -s'
LD='/opt/poky/1.4.4/sysroots/x86_64-pokysdk-linux/usr/libexec/armv5te-poky-linux-gnueabi/gcc/arm-poky-linux-gnueabi/4.7.2/ld'
LDFLAGS=''
LIBOBJS=' ${LIBOBJDIR}malloc$U.o ${LIBOBJDIR}realloc$U.o'
LIBS=''
LIBTOOL='$(top_builddir)/arm-poky-linux-gnueabi-libtool'
LIPO=''
LLCP1_3_ENABLED_FALSE='#'
LLCP1_3_ENABLED_TRUE=''
LLCP1_3_FALSE=''
LLCP1_3_TRUE='#'
LN_S='ln -s'
LTLIBOBJS=' ${LIBOBJDIR}malloc$U.lo ${LIBOBJDIR}realloc$U.lo'
MAKEINFO='${SHELL} /home/elinux1/projects/Gokul_Backup/Yocto_nuvoton/Daemon_75xx/Nfc/linux_libnfc-nci-master/missing --run makeinfo'
MANIFEST_TOOL=':'
MKDIR_P='/bin/mkdir -p'
NM='/opt/poky/1.4.4/sysroots/x86_64-pokysdk-linux/usr/bin/armv5te-poky-linux-gnueabi//arm-poky-linux-gnueabi-nm -B'
NMEDIT=''
OBJDUMP='arm-poky-linux-gnueabi-objdump'
OBJEXT='o'
OTOOL64=''
OTOOL=''
PACKAGE='libnfc_nci_linux'
PACKAGE_BUGREPORT=''
PACKAGE_NAME='libnfc_nci_linux'
PACKAGE_STRING='libnfc_nci_linux 1.0'
PACKAGE_TARNAME='libnfc_nci_linux'
PACKAGE_URL=''
PACKAGE_VERSION='1.0'
PATH_SEPARATOR=':'
PN7120_FALSE=''
PN7120_TRUE='#'
PN7150_FALSE='#'
PN7150_TRUE=''
RANLIB='arm-poky-linux-gnueabi-ranlib'
SED='/bin/sed'
SET_MAKE=''
SHELL='/bin/bash'
STRIP='arm-poky-linux-gnueabi-strip'
VERSION='1.0'
ac_ct_AR=''
ac_ct_CC=''
ac_ct_CXX=''
ac_ct_DUMPBIN=''
am__EXEEXT_FALSE=''
am__EXEEXT_TRUE='#'
am__fastdepCC_FALSE='#'
am__fastdepCC_TRUE=''
am__fastdepCXX_FALSE='#'
am__fastdepCXX_TRUE=''
am__include='include'
am__isrc=''
am__leading_dot='.'
am__nodep='_no'
am__quote=''
am__tar='$${TAR-tar} chof - "$$tardir"'
am__untar='$${TAR-tar} xf -'
bindir='${exec_prefix}/bin'
build='x86_64-unknown-linux-gnu'
build_alias=''
build_cpu='x86_64'
build_os='linux-gnu'
build_vendor='unknown'
datadir='${datarootdir}'
datarootdir='${prefix}/share'
docdir='${datarootdir}/doc/${PACKAGE_TARNAME}'
dvidir='${docdir}'
exec_prefix='${prefix}'
host='arm-poky-linux-gnueabi'
host_alias='arm-poky-linux-gnueabi'
host_cpu='arm'
host_os='linux-gnueabi'
host_vendor='poky'
htmldir='${docdir}'
includedir='${prefix}/include'
infodir='${datarootdir}/info'
install_sh='${SHELL} /home/elinux1/projects/Gokul_Backup/Yocto_nuvoton/Daemon_75xx/Nfc/linux_libnfc-nci-master/install-sh'
libdir='${exec_prefix}/lib'
libexecdir='${exec_prefix}/libexec'
localedir='${datarootdir}/locale'
localstatedir='${prefix}/var'
mandir='${datarootdir}/man'
mkdir_p='$(MKDIR_P)'
oldincludedir='/usr/include'
openssldir=''
pdfdir='${docdir}'
prefix='/home/elinux1/projects/Gokul_Backup/Yocto_nuvoton/Daemon_75xx/Nfc/linux_libnfc-nci-master/build_custom'
program_transform_name='s,x,x,'
psdir='${docdir}'
sbindir='${exec_prefix}/sbin'
sharedstatedir='${prefix}/com'
sysconfdir='${prefix}/etc'
target_alias=''

## ----------- ##
## confdefs.h. ##
## ----------- ##

/* confdefs.h */
#define PACKAGE_NAME "libnfc_nci_linux"
#define PACKAGE_TARNAME "libnfc_nci_linux"
#define PACKAGE_VERSION "1.0"
#define PACKAGE_STRING "libnfc_nci_linux 1.0"
#define PACKAGE_BUGREPORT ""
#define PACKAGE_URL ""
#define PACKAGE "libnfc_nci_linux"
#define VERSION "1.0"
#define STDC_HEADERS 1
#define HAVE_SYS_TYPES_H 1
#define HAVE_SYS_STAT_H 1
#define HAVE_STDLIB_H 1
#define HAVE_STRING_H 1
#define HAVE_MEMORY_H 1
#define HAVE_STRINGS_H 1
#define HAVE_INTTYPES_H 1
#define HAVE_STDINT_H 1
#define HAVE_UNISTD_H 1
#define HAVE_DLFCN_H 1
#define LT_OBJDIR ".libs/"
#define HAVE_STDINT_H 1
#define HAVE_STDLIB_H 1
#define HAVE_STRING_H 1
#define HAVE_SYS_TIME_H 1
#define HAVE_UNISTD_H 1
#define HAVE_FCNTL_H 1
#define HAVE_SYS_IOCTL_H 1
#define HAVE_TERMIOS_H 1
#define HAVE_MALLOC_H 1
#define HAVE__BOOL 1
#define HAVE_STDLIB_H 1
#define HAVE_MALLOC 0
#define malloc rpl_malloc
#define HAVE_STDLIB_H 1
#define HAVE_REALLOC 0
#define realloc rpl_realloc
#define HAVE_STDLIB_H 1
#define HAVE_GETTIMEOFDAY 1
#define HAVE_MEMMOVE 1
#define HAVE_MEMSET 1
#define HAVE_STRERROR 1
#define HAVE_STRSTR 1
#define HAVE_CLOCK_GETTIME 1
#define HAVE_SELECT 1

configure: exit 0

## ---------------------- ##
## Running config.status. ##
## ---------------------- ##

This file was extended by libnfc_nci_linux config.status 1.0, which was
generated by GNU Autoconf 2.69.  Invocation command line was

  CONFIG_FILES    = 
  CONFIG_HEADERS  = 
  CONFIG_LINKS    = 
  CONFIG_COMMANDS = 
  $ ./config.status 

on embeddedlinux1

config.status:1176: creating Makefile
config.status:1176: creating config.h
config.status:1357: config.h is unchanged
config.status:1405: executing depfiles commands
config.status:1405: executing libtool commands

## ---------------------- ##
## Running config.status. ##
## ---------------------- ##

This file was extended by libnfc_nci_linux config.status 1.0, which was
generated by GNU Autoconf 2.69.  Invocation command line was

  CONFIG_FILES    = 
  CONFIG_HEADERS  = 
  CONFIG_LINKS    = 
  CONFIG_COMMANDS = 
  $ ./config.status config.h

on embeddedlinux1

config.status:1176: creating config.h
config.status:1357: config.h is unchanged
